<?xml version="1.0" encoding="UTF-8"?>
<testsuite xmlns:xsi="http://www.w3.org/2001/XMLSchema-instance" xsi:noNamespaceSchemaLocation="https://maven.apache.org/surefire/maven-surefire-plugin/xsd/surefire-test-report.xsd" name="MainPageTest" time="9.839" tests="3" errors="0" skipped="0" failures="0">
  <properties>
[...]
</properties>
  <testcase name="checkSauceTabActive" classname="MainPageTest" time="3.29"/>
  <testcase name="checkBunTabActive" classname="MainPageTest" time="3.274"/>
  <testcase name="checkFillingTabActive" classname="MainPageTest" time="3.275"/>
</testsuite>